TN:
SF:src/app.mjs
FN:8,(anonymous_0)
FN:20,(anonymous_1)
FN:32,(anonymous_2)
FN:53,(anonymous_3)
FN:55,(anonymous_4)
FN:100,(anonymous_5)
FNF:6
FNH:4
FNDA:3,(anonymous_0)
FNDA:1,(anonymous_1)
FNDA:1,(anonymous_2)
FNDA:0,(anonymous_3)
FNDA:0,(anonymous_4)
FNDA:2,(anonymous_5)
DA:10,3
DA:12,3
DA:13,3
DA:14,3
DA:22,1
DA:25,0
DA:26,0
DA:33,1
DA:35,1
DA:38,0
DA:41,0
DA:42,0
DA:43,0
DA:45,0
DA:47,0
DA:48,0
DA:49,0
DA:51,0
DA:52,0
DA:53,0
DA:55,0
DA:56,0
DA:60,0
DA:63,0
DA:66,0
DA:68,0
DA:69,0
DA:70,0
DA:71,0
DA:72,0
DA:73,0
DA:74,0
DA:75,0
DA:76,0
DA:79,0
DA:80,0
DA:81,0
DA:82,0
DA:86,0
DA:89,0
DA:91,1
DA:92,1
DA:93,1
DA:101,2
DA:102,1
DA:104,1
DA:113,1
DA:114,1
DA:115,1
DA:118,1
LF:50
LH:17
BRDA:8,0,0,3
BRDA:51,1,0,0
BRDA:51,1,1,0
BRDA:51,2,0,0
BRDA:51,2,1,0
BRDA:66,3,0,0
BRDA:66,3,1,0
BRDA:66,4,0,0
BRDA:66,4,1,0
BRDA:79,5,0,0
BRDA:79,5,1,0
BRDA:101,6,0,1
BRDA:101,6,1,1
BRDA:113,7,0,1
BRDA:113,7,1,0
BRF:15
BRH:4
end_of_record
TN:
SF:src/container.mjs
FN:17,(anonymous_0)
FN:26,(anonymous_1)
FN:38,(anonymous_2)
FN:57,createContainer
FN:61,(anonymous_4)
FN:64,(anonymous_5)
FN:69,(anonymous_6)
FN:115,(anonymous_7)
FN:117,(anonymous_8)
FN:231,(anonymous_9)
FN:234,(anonymous_10)
FN:235,(anonymous_11)
FN:236,(anonymous_12)
FN:239,(anonymous_13)
FN:252,(anonymous_14)
FN:261,(anonymous_15)
FN:274,(anonymous_16)
FN:280,(anonymous_17)
FN:281,(anonymous_18)
FN:289,(anonymous_19)
FN:290,(anonymous_20)
FN:293,(anonymous_21)
FN:294,(anonymous_22)
FN:299,(anonymous_23)
FN:329,(anonymous_24)
FN:371,(anonymous_25)
FN:382,(anonymous_26)
FN:391,(anonymous_27)
FNF:28
FNH:5
FNDA:3,(anonymous_0)
FNDA:36,(anonymous_1)
FNDA:4,(anonymous_2)
FNDA:3,createContainer
FNDA:1,(anonymous_4)
FNDA:0,(anonymous_5)
FNDA:0,(anonymous_6)
FNDA:0,(anonymous_7)
FNDA:0,(anonymous_8)
FNDA:0,(anonymous_9)
FNDA:0,(anonymous_10)
FNDA:0,(anonymous_11)
FNDA:0,(anonymous_12)
FNDA:0,(anonymous_13)
FNDA:0,(anonymous_14)
FNDA:0,(anonymous_15)
FNDA:0,(anonymous_16)
FNDA:0,(anonymous_17)
FNDA:0,(anonymous_18)
FNDA:0,(anonymous_19)
FNDA:0,(anonymous_20)
FNDA:0,(anonymous_21)
FNDA:0,(anonymous_22)
FNDA:0,(anonymous_23)
FNDA:0,(anonymous_24)
FNDA:0,(anonymous_25)
FNDA:0,(anonymous_26)
FNDA:0,(anonymous_27)
DA:18,3
DA:27,36
DA:39,4
DA:41,4
DA:42,0
DA:45,4
DA:46,1
DA:49,4
DA:58,3
DA:61,3
DA:64,3
DA:65,0
DA:66,0
DA:69,0
DA:71,0
DA:73,0
DA:74,0
DA:76,0
DA:78,0
DA:79,0
DA:80,0
DA:81,0
DA:83,0
DA:84,0
DA:87,0
DA:90,0
DA:94,0
DA:95,0
DA:96,0
DA:100,0
DA:101,0
DA:102,0
DA:105,0
DA:109,0
DA:110,0
DA:111,0
DA:114,0
DA:117,0
DA:118,0
DA:121,0
DA:122,0
DA:124,0
DA:126,0
DA:127,0
DA:129,0
DA:132,0
DA:133,0
DA:136,0
DA:138,0
DA:142,0
DA:147,0
DA:148,0
DA:151,0
DA:152,0
DA:153,0
DA:154,0
DA:157,0
DA:159,0
DA:161,0
DA:162,0
DA:165,0
DA:167,0
DA:168,0
DA:173,0
DA:174,0
DA:175,0
DA:176,0
DA:177,0
DA:178,0
DA:181,0
DA:182,0
DA:188,0
DA:190,0
DA:191,0
DA:195,0
DA:198,0
DA:199,0
DA:202,0
DA:204,0
DA:206,0
DA:209,0
DA:210,0
DA:213,0
DA:214,0
DA:215,0
DA:219,0
DA:220,0
DA:223,0
DA:231,3
DA:234,3
DA:235,3
DA:236,3
DA:239,3
DA:240,0
DA:241,0
DA:243,0
DA:252,3
DA:253,0
DA:254,0
DA:255,0
DA:257,0
DA:261,3
DA:262,0
DA:263,0
DA:264,0
DA:265,0
DA:274,3
DA:275,0
DA:276,0
DA:277,0
DA:280,0
DA:281,0
DA:284,0
DA:289,0
DA:290,0
DA:293,0
DA:294,0
DA:299,0
DA:300,0
DA:301,0
DA:304,0
DA:305,0
DA:308,0
DA:309,0
DA:311,0
DA:312,0
DA:313,0
DA:314,0
DA:315,0
DA:317,0
DA:320,0
DA:324,0
DA:325,0
DA:326,0
DA:329,0
DA:330,0
DA:338,0
DA:339,0
DA:340,0
DA:341,0
DA:342,0
DA:346,0
DA:347,0
DA:348,0
DA:349,0
DA:350,0
DA:351,0
DA:352,0
DA:355,0
DA:356,0
DA:358,0
DA:359,0
DA:362,0
DA:363,0
DA:367,0
DA:371,3
DA:372,0
DA:373,0
DA:374,0
DA:375,0
DA:376,0
DA:378,0
DA:382,0
DA:391,3
DA:392,0
DA:393,0
DA:394,0
DA:395,0
DA:397,0
DA:405,3
LF:170
LH:21
BRDA:41,0,0,0
BRDA:41,0,1,4
BRDA:45,1,0,1
BRDA:45,1,1,3
BRDA:73,2,0,0
BRDA:73,2,1,0
BRDA:78,3,0,0
BRDA:78,3,1,0
BRDA:94,4,0,0
BRDA:94,4,1,0
BRDA:100,5,0,0
BRDA:100,5,1,0
BRDA:121,6,0,0
BRDA:121,6,1,0
BRDA:121,7,0,0
BRDA:121,7,1,0
BRDA:129,8,0,0
BRDA:129,8,1,0
BRDA:132,9,0,0
BRDA:132,9,1,0
BRDA:136,10,0,0
BRDA:136,10,1,0
BRDA:157,11,0,0
BRDA:157,11,1,0
BRDA:157,12,0,0
BRDA:157,12,1,0
BRDA:157,12,2,0
BRDA:157,12,3,0
BRDA:165,13,0,0
BRDA:165,13,1,0
BRDA:173,14,0,0
BRDA:173,14,1,0
BRDA:173,15,0,0
BRDA:173,15,1,0
BRDA:176,16,0,0
BRDA:176,16,1,0
BRDA:176,17,0,0
BRDA:176,17,1,0
BRDA:181,18,0,0
BRDA:181,18,1,0
BRDA:190,19,0,0
BRDA:190,19,1,0
BRDA:195,20,0,0
BRDA:195,20,1,0
BRDA:198,21,0,0
BRDA:198,21,1,0
BRDA:198,22,0,0
BRDA:198,22,1,0
BRDA:209,23,0,0
BRDA:209,23,1,0
BRDA:213,24,0,0
BRDA:213,24,1,0
BRDA:219,25,0,0
BRDA:219,25,1,0
BRDA:305,26,0,0
BRDA:305,26,1,0
BRDA:311,27,0,0
BRDA:311,27,1,0
BRDA:311,28,0,0
BRDA:311,28,1,0
BRDA:330,29,0,0
BRDA:330,29,1,0
BRDA:330,29,2,0
BRDA:330,29,3,0
BRDA:330,29,4,0
BRDA:338,30,0,0
BRDA:338,30,1,0
BRDA:346,31,0,0
BRDA:346,31,1,0
BRF:69
BRH:3
end_of_record
TN:
SF:src/adapters/ExpressWebhookService.mjs
FN:22,(anonymous_0)
FN:34,(anonymous_1)
FN:88,(anonymous_2)
FN:152,(anonymous_3)
FN:306,(anonymous_4)
FN:310,(anonymous_5)
FN:313,(anonymous_6)
FN:387,(anonymous_7)
FN:422,(anonymous_8)
FN:435,(anonymous_9)
FN:442,(anonymous_10)
FN:528,(anonymous_11)
FN:540,(anonymous_12)
FN:618,(anonymous_13)
FN:634,(anonymous_14)
FN:666,(anonymous_15)
FNF:16
FNH:3
FNDA:2,(anonymous_0)
FNDA:0,(anonymous_1)
FNDA:2,(anonymous_2)
FNDA:3,(anonymous_3)
FNDA:0,(anonymous_4)
FNDA:0,(anonymous_5)
FNDA:0,(anonymous_6)
FNDA:0,(anonymous_7)
FNDA:0,(anonymous_8)
FNDA:0,(anonymous_9)
FNDA:0,(anonymous_10)
FNDA:0,(anonymous_11)
FNDA:0,(anonymous_12)
FNDA:0,(anonymous_13)
FNDA:0,(anonymous_14)
FNDA:0,(anonymous_15)
DA:23,2
DA:24,2
DA:25,2
DA:26,2
DA:27,2
DA:28,2
DA:35,0
DA:37,0
DA:38,0
DA:39,0
DA:43,0
DA:44,0
DA:45,0
DA:48,0
DA:50,0
DA:53,0
DA:54,0
DA:56,0
DA:59,0
DA:62,0
DA:63,0
DA:64,0
DA:68,0
DA:70,0
DA:71,0
DA:74,0
DA:76,0
DA:77,0
DA:89,2
DA:92,2
DA:93,0
DA:94,0
DA:95,0
DA:99,2
DA:101,2
DA:102,0
DA:103,0
DA:107,2
DA:108,2
DA:110,1
DA:111,0
DA:113,1
DA:116,1
DA:120,0
DA:121,0
DA:122,0
DA:123,0
DA:126,0
DA:130,0
DA:131,0
DA:132,0
DA:133,0
DA:136,0
DA:141,0
DA:142,0
DA:155,3
DA:156,0
DA:158,3
DA:162,3
DA:164,0
DA:168,3
DA:169,0
DA:170,0
DA:171,0
DA:176,3
DA:180,3
DA:185,2
DA:186,0
DA:187,0
DA:189,2
DA:193,1
DA:194,0
DA:196,0
DA:200,1
DA:201,0
DA:202,0
DA:207,0
DA:208,0
DA:212,1
DA:215,0
DA:216,0
DA:217,0
DA:221,0
DA:222,0
DA:223,0
DA:227,0
DA:228,0
DA:229,0
DA:233,0
DA:236,0
DA:243,0
DA:244,0
DA:247,0
DA:248,0
DA:253,0
DA:254,0
DA:257,0
DA:258,0
DA:265,0
DA:266,0
DA:269,1
DA:272,1
DA:279,1
DA:282,1
DA:283,1
DA:286,0
DA:288,0
DA:293,0
DA:297,0
DA:298,0
DA:299,0
DA:307,0
DA:309,0
DA:310,0
DA:313,0
DA:315,0
DA:316,0
DA:317,0
DA:318,0
DA:322,0
DA:323,0
DA:324,0
DA:325,0
DA:328,0
DA:333,0
DA:337,0
DA:338,0
DA:340,0
DA:345,0
DA:346,0
DA:347,0
DA:348,0
DA:352,0
DA:354,0
DA:355,0
DA:357,0
DA:358,0
DA:362,0
DA:364,0
DA:365,0
DA:366,0
DA:367,0
DA:370,0
DA:371,0
DA:372,0
DA:376,0
DA:377,0
DA:380,0
DA:381,0
DA:382,0
DA:383,0
DA:387,0
DA:388,0
DA:392,0
DA:393,0
DA:398,0
DA:399,0
DA:400,0
DA:401,0
DA:403,0
DA:404,0
DA:406,0
DA:407,0
DA:408,0
DA:409,0
DA:411,0
DA:412,0
DA:417,0
DA:419,0
DA:422,0
DA:423,0
DA:427,0
DA:431,0
DA:435,0
DA:436,0
DA:440,0
DA:442,0
DA:443,0
DA:444,0
DA:445,0
DA:447,0
DA:471,0
DA:472,0
DA:482,0
DA:483,0
DA:493,0
DA:505,0
DA:515,0
DA:520,0
DA:522,0
DA:523,0
DA:528,0
DA:529,0
DA:530,0
DA:531,0
DA:532,0
DA:534,0
DA:535,0
DA:540,0
DA:541,0
DA:542,0
DA:544,0
DA:545,0
DA:548,0
DA:551,0
DA:553,0
DA:556,0
DA:578,0
DA:581,0
DA:582,0
DA:584,0
DA:585,0
DA:587,0
DA:588,0
DA:591,0
DA:592,0
DA:613,0
DA:618,0
DA:619,0
DA:620,0
DA:623,0
DA:626,0
DA:628,0
DA:629,0
DA:634,0
DA:635,0
DA:636,0
DA:637,0
DA:642,0
DA:643,0
DA:652,0
DA:653,0
DA:654,0
DA:655,0
DA:657,0
DA:658,0
DA:667,0
DA:668,0
DA:669,0
DA:670,0
DA:672,0
LF:241
LH:31
BRDA:22,0,0,0
BRDA:22,1,0,0
BRDA:37,2,0,0
BRDA:37,2,1,0
BRDA:43,3,0,0
BRDA:43,3,1,0
BRDA:43,4,0,0
BRDA:43,4,1,0
BRDA:53,5,0,0
BRDA:53,5,1,0
BRDA:62,6,0,0
BRDA:62,6,1,0
BRDA:70,7,0,0
BRDA:70,7,1,0
BRDA:70,8,0,0
BRDA:70,8,1,0
BRDA:92,9,0,0
BRDA:92,9,1,2
BRDA:99,10,0,2
BRDA:99,10,1,0
BRDA:99,11,0,2
BRDA:99,11,1,2
BRDA:101,12,0,0
BRDA:101,12,1,2
BRDA:101,13,0,2
BRDA:101,13,1,2
BRDA:108,14,0,1
BRDA:108,14,1,1
BRDA:110,15,0,0
BRDA:110,15,1,1
BRDA:120,16,0,0
BRDA:120,16,1,0
BRDA:120,17,0,0
BRDA:120,17,1,0
BRDA:121,18,0,0
BRDA:121,18,1,0
BRDA:121,19,0,0
BRDA:121,19,1,0
BRDA:130,20,0,0
BRDA:130,20,1,0
BRDA:130,21,0,0
BRDA:130,21,1,0
BRDA:131,22,0,0
BRDA:131,22,1,0
BRDA:131,23,0,0
BRDA:131,23,1,0
BRDA:131,23,2,0
BRDA:155,24,0,0
BRDA:155,24,1,3
BRDA:158,25,0,3
BRDA:158,25,1,0
BRDA:162,26,0,0
BRDA:162,26,1,3
BRDA:168,27,0,0
BRDA:168,27,1,3
BRDA:180,28,0,2
BRDA:180,28,1,1
BRDA:181,29,0,3
BRDA:181,29,1,2
BRDA:185,30,0,0
BRDA:185,30,1,2
BRDA:193,31,0,0
BRDA:193,31,1,1
BRDA:200,32,0,0
BRDA:200,32,1,1
BRDA:212,33,0,0
BRDA:212,33,1,0
BRDA:212,33,2,0
BRDA:212,33,3,0
BRDA:212,33,4,0
BRDA:212,33,5,0
BRDA:212,33,6,1
BRDA:212,33,7,0
BRDA:212,33,8,0
BRDA:279,34,0,0
BRDA:279,34,1,1
BRDA:315,35,0,0
BRDA:315,35,1,0
BRDA:317,36,0,0
BRDA:317,36,1,0
BRDA:322,37,0,0
BRDA:322,37,1,0
BRDA:323,38,0,0
BRDA:323,38,1,0
BRDA:324,39,0,0
BRDA:324,39,1,0
BRDA:337,40,0,0
BRDA:337,40,1,0
BRDA:345,41,0,0
BRDA:345,41,1,0
BRDA:355,42,0,0
BRDA:355,42,1,0
BRDA:357,43,0,0
BRDA:357,43,1,0
BRDA:364,44,0,0
BRDA:364,44,1,0
BRDA:377,45,0,0
BRDA:377,45,1,0
BRDA:380,46,0,0
BRDA:380,46,1,0
BRDA:380,47,0,0
BRDA:380,47,1,0
BRDA:381,48,0,0
BRDA:381,48,1,0
BRDA:382,49,0,0
BRDA:382,49,1,0
BRDA:392,50,0,0
BRDA:392,50,1,0
BRDA:393,51,0,0
BRDA:393,51,1,0
BRDA:398,52,0,0
BRDA:398,52,1,0
BRDA:400,53,0,0
BRDA:400,53,1,0
BRDA:406,54,0,0
BRDA:406,54,1,0
BRDA:408,55,0,0
BRDA:408,55,1,0
BRDA:417,56,0,0
BRDA:417,56,1,0
BRDA:417,56,2,0
BRDA:440,57,0,0
BRDA:440,57,1,0
BRDA:471,58,0,0
BRDA:471,58,1,0
BRDA:471,59,0,0
BRDA:471,59,1,0
BRDA:482,60,0,0
BRDA:482,60,1,0
BRDA:544,61,0,0
BRDA:544,61,1,0
BRDA:639,62,0,0
BRDA:639,62,1,0
BRF:133
BRH:23
end_of_record
TN:
SF:src/adapters/FSWorkspaceService.mjs
FN:19,(anonymous_0)
FN:31,(anonymous_1)
FN:32,(anonymous_2)
FN:41,(anonymous_3)
FN:42,(anonymous_4)
FN:43,(anonymous_5)
FN:51,(anonymous_6)
FN:65,(anonymous_7)
FN:66,(anonymous_8)
FN:75,(anonymous_9)
FN:81,(anonymous_10)
FN:87,(anonymous_11)
FN:97,(anonymous_12)
FN:109,(anonymous_13)
FN:130,(anonymous_14)
FN:131,(anonymous_15)
FN:135,(anonymous_16)
FN:148,(anonymous_17)
FN:150,(anonymous_18)
FN:160,(anonymous_19)
FN:162,(anonymous_20)
FN:173,(anonymous_21)
FN:189,(anonymous_22)
FN:196,(anonymous_23)
FN:208,(anonymous_24)
FN:209,(anonymous_25)
FN:219,(anonymous_26)
FN:226,(anonymous_27)
FN:228,(anonymous_28)
FN:237,(anonymous_29)
FN:247,(anonymous_30)
FN:255,(anonymous_31)
FN:257,(anonymous_32)
FN:267,(anonymous_33)
FN:291,(anonymous_34)
FN:292,(anonymous_35)
FN:294,(anonymous_36)
FN:305,(anonymous_37)
FN:319,(anonymous_38)
FN:320,(anonymous_39)
FN:343,(anonymous_40)
FN:345,(anonymous_41)
FN:367,(anonymous_42)
FN:369,(anonymous_43)
FN:386,(anonymous_44)
FN:400,(anonymous_45)
FN:413,(anonymous_46)
FN:431,(anonymous_47)
FN:446,(anonymous_48)
FN:471,(anonymous_49)
FN:527,(anonymous_50)
FN:530,(anonymous_51)
FN:557,(anonymous_52)
FN:559,(anonymous_53)
FN:577,(anonymous_54)
FN:595,(anonymous_55)
FNF:56
FNH:2
FNDA:6,(anonymous_0)
FNDA:0,(anonymous_1)
FNDA:0,(anonymous_2)
FNDA:0,(anonymous_3)
FNDA:0,(anonymous_4)
FNDA:0,(anonymous_5)
FNDA:0,(anonymous_6)
FNDA:0,(anonymous_7)
FNDA:0,(anonymous_8)
FNDA:0,(anonymous_9)
FNDA:0,(anonymous_10)
FNDA:0,(anonymous_11)
FNDA:0,(anonymous_12)
FNDA:0,(anonymous_13)
FNDA:0,(anonymous_14)
FNDA:0,(anonymous_15)
FNDA:0,(anonymous_16)
FNDA:0,(anonymous_17)
FNDA:0,(anonymous_18)
FNDA:0,(anonymous_19)
FNDA:0,(anonymous_20)
FNDA:0,(anonymous_21)
FNDA:0,(anonymous_22)
FNDA:0,(anonymous_23)
FNDA:0,(anonymous_24)
FNDA:0,(anonymous_25)
FNDA:0,(anonymous_26)
FNDA:0,(anonymous_27)
FNDA:0,(anonymous_28)
FNDA:0,(anonymous_29)
FNDA:0,(anonymous_30)
FNDA:0,(anonymous_31)
FNDA:0,(anonymous_32)
FNDA:0,(anonymous_33)
FNDA:0,(anonymous_34)
FNDA:0,(anonymous_35)
FNDA:0,(anonymous_36)
FNDA:0,(anonymous_37)
FNDA:0,(anonymous_38)
FNDA:0,(anonymous_39)
FNDA:0,(anonymous_40)
FNDA:0,(anonymous_41)
FNDA:0,(anonymous_42)
FNDA:0,(anonymous_43)
FNDA:0,(anonymous_44)
FNDA:0,(anonymous_45)
FNDA:0,(anonymous_46)
FNDA:0,(anonymous_47)
FNDA:0,(anonymous_48)
FNDA:3,(anonymous_49)
FNDA:0,(anonymous_50)
FNDA:0,(anonymous_51)
FNDA:0,(anonymous_52)
FNDA:0,(anonymous_53)
FNDA:0,(anonymous_54)
FNDA:0,(anonymous_55)
DA:20,6
DA:21,6
DA:22,6
DA:23,6
DA:24,6
DA:32,0
DA:33,0
DA:34,0
DA:36,0
DA:40,0
DA:41,0
DA:42,0
DA:44,0
DA:45,0
DA:47,0
DA:48,0
DA:52,0
DA:53,0
DA:66,0
DA:67,0
DA:72,0
DA:73,0
DA:75,0
DA:76,0
DA:77,0
DA:78,0
DA:81,0
DA:82,0
DA:83,0
DA:84,0
DA:87,0
DA:88,0
DA:89,0
DA:90,0
DA:92,0
DA:93,0
DA:97,0
DA:98,0
DA:99,0
DA:110,0
DA:112,0
DA:113,0
DA:114,0
DA:115,0
DA:117,0
DA:120,0
DA:131,0
DA:133,0
DA:135,0
DA:136,0
DA:137,0
DA:139,0
DA:140,0
DA:141,0
DA:145,0
DA:146,0
DA:148,0
DA:150,0
DA:151,0
DA:152,0
DA:153,0
DA:155,0
DA:157,0
DA:158,0
DA:160,0
DA:162,0
DA:163,0
DA:164,0
DA:166,0
DA:170,0
DA:173,0
DA:174,0
DA:175,0
DA:178,0
DA:181,0
DA:185,0
DA:186,0
DA:189,0
DA:190,0
DA:191,0
DA:192,0
DA:196,0
DA:197,0
DA:198,0
DA:209,0
DA:210,0
DA:212,0
DA:213,0
DA:214,0
DA:215,0
DA:219,0
DA:220,0
DA:221,0
DA:226,0
DA:228,0
DA:229,0
DA:230,0
DA:232,0
DA:233,0
DA:237,0
DA:238,0
DA:239,0
DA:244,0
DA:245,0
DA:247,0
DA:248,0
DA:253,0
DA:255,0
DA:257,0
DA:258,0
DA:259,0
DA:260,0
DA:262,0
DA:263,0
DA:267,0
DA:268,0
DA:269,0
DA:273,0
DA:274,0
DA:275,0
DA:276,0
DA:281,0
DA:283,0
DA:288,0
DA:289,0
DA:291,0
DA:292,0
DA:294,0
DA:295,0
DA:296,0
DA:297,0
DA:298,0
DA:300,0
DA:301,0
DA:305,0
DA:306,0
DA:307,0
DA:320,0
DA:321,0
DA:323,0
DA:324,0
DA:325,0
DA:326,0
DA:327,0
DA:331,0
DA:333,0
DA:336,0
DA:341,0
DA:343,0
DA:345,0
DA:346,0
DA:347,0
DA:348,0
DA:350,0
DA:353,0
DA:356,0
DA:357,0
DA:360,0
DA:365,0
DA:367,0
DA:369,0
DA:370,0
DA:371,0
DA:372,0
DA:375,0
DA:376,0
DA:377,0
DA:379,0
DA:380,0
DA:381,0
DA:386,0
DA:387,0
DA:388,0
DA:389,0
DA:393,0
DA:394,0
DA:395,0
DA:400,0
DA:401,0
DA:402,0
DA:403,0
DA:414,0
DA:415,0
DA:416,0
DA:423,0
DA:425,0
DA:432,0
DA:434,0
DA:435,0
DA:436,0
DA:438,0
DA:439,0
DA:447,0
DA:448,0
DA:450,0
DA:452,0
DA:453,0
DA:455,0
DA:457,0
DA:465,0
DA:472,3
DA:473,3
DA:475,3
DA:476,3
DA:479,3
DA:482,3
DA:483,0
DA:486,0
DA:488,0
DA:489,0
DA:491,0
DA:498,3
DA:501,3
DA:504,3
DA:505,3
DA:507,3
DA:509,3
DA:511,3
DA:519,0
DA:520,0
DA:528,0
DA:530,0
DA:531,0
DA:533,0
DA:534,0
DA:536,0
DA:537,0
DA:538,0
DA:540,0
DA:543,0
DA:544,0
DA:548,0
DA:550,0
DA:555,0
DA:557,0
DA:559,0
DA:560,0
DA:561,0
DA:563,0
DA:566,0
DA:567,0
DA:568,0
DA:570,0
DA:574,0
DA:577,0
DA:578,0
DA:580,0
DA:581,0
DA:582,0
DA:584,0
DA:587,0
DA:596,0
DA:597,0
DA:598,0
DA:599,0
DA:603,0
DA:606,0
DA:607,0
DA:609,0
DA:610,0
DA:612,0
DA:614,0
DA:616,0
DA:617,0
DA:618,0
DA:621,0
DA:626,0
DA:627,0
DA:629,0
DA:630,0
DA:634,0
DA:638,0
DA:640,0
LF:273
LH:18
BRDA:19,0,0,0
BRDA:19,1,0,0
BRDA:19,2,0,2
BRDA:44,3,0,0
BRDA:44,3,1,0
BRDA:44,4,0,0
BRDA:44,4,1,0
BRDA:88,5,0,0
BRDA:88,5,1,0
BRDA:113,6,0,0
BRDA:113,6,1,0
BRDA:136,7,0,0
BRDA:136,7,1,0
BRDA:151,8,0,0
BRDA:151,8,1,0
BRDA:152,9,0,0
BRDA:152,9,1,0
BRDA:163,10,0,0
BRDA:163,10,1,0
BRDA:212,11,0,0
BRDA:212,11,1,0
BRDA:229,12,0,0
BRDA:229,12,1,0
BRDA:244,13,0,0
BRDA:244,13,1,0
BRDA:258,14,0,0
BRDA:258,14,1,0
BRDA:273,15,0,0
BRDA:273,15,1,0
BRDA:295,16,0,0
BRDA:295,16,1,0
BRDA:323,17,0,0
BRDA:323,17,1,0
BRDA:346,18,0,0
BRDA:346,18,1,0
BRDA:353,19,0,0
BRDA:353,19,1,0
BRDA:356,20,0,0
BRDA:356,20,1,0
BRDA:370,21,0,0
BRDA:370,21,1,0
BRDA:375,22,0,0
BRDA:375,22,1,0
BRDA:375,23,0,0
BRDA:375,23,1,0
BRDA:450,24,0,0
BRDA:450,24,1,0
BRDA:482,25,0,0
BRDA:482,25,1,3
BRDA:533,26,0,0
BRDA:533,26,1,0
BRDA:533,27,0,0
BRDA:533,27,1,0
BRDA:560,28,0,0
BRDA:560,28,1,0
BRDA:597,29,0,0
BRDA:597,29,1,0
BRDA:612,30,0,0
BRDA:612,30,1,0
BRDA:616,31,0,0
BRDA:616,31,1,0
BRDA:626,32,0,0
BRDA:626,32,1,0
BRF:63
BRH:2
end_of_record
TN:
SF:src/adapters/LinearIssueService.mjs
FN:16,(anonymous_0)
FN:32,(anonymous_1)
FN:47,(anonymous_2)
FN:73,(anonymous_3)
FN:94,(anonymous_4)
FN:95,(anonymous_5)
FN:120,(anonymous_6)
FN:141,(anonymous_7)
FN:148,(anonymous_8)
FN:181,(anonymous_9)
FN:226,(anonymous_10)
FN:278,(anonymous_11)
FN:326,(anonymous_12)
FN:456,(anonymous_13)
FN:568,(anonymous_14)
FN:627,(anonymous_15)
FN:662,(anonymous_16)
FN:719,(anonymous_17)
FNF:18
FNH:0
FNDA:0,(anonymous_0)
FNDA:0,(anonymous_1)
FNDA:0,(anonymous_2)
FNDA:0,(anonymous_3)
FNDA:0,(anonymous_4)
FNDA:0,(anonymous_5)
FNDA:0,(anonymous_6)
FNDA:0,(anonymous_7)
FNDA:0,(anonymous_8)
FNDA:0,(anonymous_9)
FNDA:0,(anonymous_10)
FNDA:0,(anonymous_11)
FNDA:0,(anonymous_12)
FNDA:0,(anonymous_13)
FNDA:0,(anonymous_14)
FNDA:0,(anonymous_15)
FNDA:0,(anonymous_16)
FNDA:0,(anonymous_17)
DA:17,0
DA:18,0
DA:19,0
DA:20,0
DA:21,0
DA:22,0
DA:23,0
DA:24,0
DA:34,0
DA:37,0
DA:38,0
DA:45,0
DA:46,0
DA:47,0
DA:56,0
DA:74,0
DA:76,0
DA:77,0
DA:78,0
DA:79,0
DA:80,0
DA:83,0
DA:84,0
DA:91,0
DA:92,0
DA:93,0
DA:94,0
DA:95,0
DA:97,0
DA:98,0
DA:103,0
DA:104,0
DA:105,0
DA:108,0
DA:109,0
DA:117,0
DA:118,0
DA:120,0
DA:122,0
DA:125,0
DA:127,0
DA:128,0
DA:131,0
DA:132,0
DA:142,0
DA:149,0
DA:151,0
DA:154,0
DA:155,0
DA:158,0
DA:159,0
DA:160,0
DA:161,0
DA:165,0
DA:171,0
DA:173,0
DA:174,0
DA:183,0
DA:184,0
DA:186,0
DA:187,0
DA:190,0
DA:191,0
DA:194,0
DA:195,0
DA:196,0
DA:202,0
DA:203,0
DA:204,0
DA:207,0
DA:208,0
DA:210,0
DA:213,0
DA:214,0
DA:217,0
DA:228,0
DA:229,0
DA:230,0
DA:233,0
DA:235,0
DA:236,0
DA:238,0
DA:239,0
DA:242,0
DA:243,0
DA:246,0
DA:249,0
DA:251,0
DA:254,0
DA:255,0
DA:256,0
DA:260,0
DA:261,0
DA:264,0
DA:265,0
DA:270,0
DA:279,0
DA:280,0
DA:281,0
DA:282,0
DA:284,0
DA:291,0
DA:292,0
DA:294,0
DA:295,0
DA:300,0
DA:303,0
DA:310,0
DA:313,0
DA:315,0
DA:319,0
DA:327,0
DA:328,0
DA:329,0
DA:330,0
DA:332,0
DA:339,0
DA:340,0
DA:343,0
DA:344,0
DA:346,0
DA:349,0
DA:350,0
DA:355,0
DA:359,0
DA:360,0
DA:361,0
DA:362,0
DA:364,0
DA:372,0
DA:373,0
DA:378,0
DA:379,0
DA:380,0
DA:381,0
DA:384,0
DA:385,0
DA:386,0
DA:388,0
DA:391,0
DA:395,0
DA:400,0
DA:401,0
DA:403,0
DA:409,0
DA:410,0
DA:414,0
DA:420,0
DA:428,0
DA:431,0
DA:438,0
DA:441,0
DA:443,0
DA:449,0
DA:457,0
DA:458,0
DA:459,0
DA:460,0
DA:463,0
DA:465,0
DA:466,0
DA:467,0
DA:468,0
DA:472,0
DA:474,0
DA:475,0
DA:477,0
DA:481,0
DA:482,0
DA:483,0
DA:484,0
DA:487,0
DA:490,0
DA:491,0
DA:494,0
DA:495,0
DA:498,0
DA:503,0
DA:504,0
DA:507,0
DA:510,0
DA:511,0
DA:514,0
DA:517,0
DA:522,0
DA:524,0
DA:526,0
DA:527,0
DA:528,0
DA:530,0
DA:533,0
DA:537,0
DA:540,0
DA:541,0
DA:546,0
DA:553,0
DA:558,0
DA:561,0
DA:569,0
DA:570,0
DA:573,0
DA:574,0
DA:575,0
DA:576,0
DA:578,0
DA:579,0
DA:580,0
DA:583,0
DA:584,0
DA:585,0
DA:589,0
DA:590,0
DA:593,0
DA:594,0
DA:597,0
DA:601,0
DA:602,0
DA:603,0
DA:606,0
DA:607,0
DA:609,0
DA:610,0
DA:614,0
DA:615,0
DA:618,0
DA:620,0
DA:628,0
DA:630,0
DA:631,0
DA:632,0
DA:635,0
DA:637,0
DA:638,0
DA:639,0
DA:643,0
DA:646,0
DA:652,0
DA:653,0
DA:655,0
DA:663,0
DA:664,0
DA:667,0
DA:668,0
DA:669,0
DA:670,0
DA:672,0
DA:673,0
DA:674,0
DA:677,0
DA:678,0
DA:679,0
DA:683,0
DA:684,0
DA:687,0
DA:688,0
DA:689,0
DA:690,0
DA:694,0
DA:695,0
DA:696,0
DA:699,0
DA:700,0
DA:701,0
DA:702,0
DA:706,0
DA:707,0
DA:710,0
DA:712,0
DA:720,0
DA:721,0
DA:722,0
DA:724,0
DA:727,0
DA:728,0
DA:731,0
DA:732,0
DA:733,0
DA:737,0
DA:738,0
DA:741,0
DA:742,0
DA:747,0
DA:750,0
DA:753,0
DA:755,0
LF:285
LH:0
BRDA:37,0,0,0
BRDA:37,0,1,0
BRDA:37,1,0,0
BRDA:37,1,1,0
BRDA:46,2,0,0
BRDA:46,2,1,0
BRDA:51,3,0,0
BRDA:51,3,1,0
BRDA:61,4,0,0
BRDA:61,4,1,0
BRDA:65,5,0,0
BRDA:65,5,1,0
BRDA:65,5,2,0
BRDA:76,6,0,0
BRDA:76,6,1,0
BRDA:76,7,0,0
BRDA:76,7,1,0
BRDA:79,8,0,0
BRDA:79,8,1,0
BRDA:79,9,0,0
BRDA:79,9,1,0
BRDA:91,10,0,0
BRDA:91,10,1,0
BRDA:91,11,0,0
BRDA:91,11,1,0
BRDA:91,11,2,0
BRDA:103,12,0,0
BRDA:103,12,1,0
BRDA:125,13,0,0
BRDA:125,13,1,0
BRDA:125,14,0,0
BRDA:125,14,1,0
BRDA:125,14,2,0
BRDA:131,15,0,0
BRDA:131,15,1,0
BRDA:155,16,0,0
BRDA:155,16,1,0
BRDA:158,17,0,0
BRDA:158,17,1,0
BRDA:167,18,0,0
BRDA:167,18,1,0
BRDA:184,19,0,0
BRDA:184,19,1,0
BRDA:190,20,0,0
BRDA:190,20,1,0
BRDA:202,21,0,0
BRDA:202,21,1,0
BRDA:213,22,0,0
BRDA:213,22,1,0
BRDA:226,23,0,0
BRDA:228,24,0,0
BRDA:228,24,1,0
BRDA:236,25,0,0
BRDA:236,25,1,0
BRDA:249,26,0,0
BRDA:249,26,1,0
BRDA:286,27,0,0
BRDA:286,27,1,0
BRDA:291,28,0,0
BRDA:291,28,1,0
BRDA:294,29,0,0
BRDA:294,29,1,0
BRDA:297,30,0,0
BRDA:297,30,1,0
BRDA:305,31,0,0
BRDA:305,31,1,0
BRDA:334,32,0,0
BRDA:334,32,1,0
BRDA:339,33,0,0
BRDA:339,33,1,0
BRDA:339,34,0,0
BRDA:339,34,1,0
BRDA:340,35,0,0
BRDA:340,35,1,0
BRDA:343,36,0,0
BRDA:343,36,1,0
BRDA:359,37,0,0
BRDA:359,37,1,0
BRDA:359,38,0,0
BRDA:359,38,1,0
BRDA:378,39,0,0
BRDA:378,39,1,0
BRDA:380,40,0,0
BRDA:380,40,1,0
BRDA:384,41,0,0
BRDA:384,41,1,0
BRDA:388,42,0,0
BRDA:388,42,1,0
BRDA:391,43,0,0
BRDA:391,43,1,0
BRDA:392,44,0,0
BRDA:392,44,1,0
BRDA:392,44,2,0
BRDA:400,45,0,0
BRDA:400,45,1,0
BRDA:400,46,0,0
BRDA:400,46,1,0
BRDA:428,47,0,0
BRDA:428,47,1,0
BRDA:433,48,0,0
BRDA:433,48,1,0
BRDA:468,49,0,0
BRDA:468,49,1,0
BRDA:472,50,0,0
BRDA:472,50,1,0
BRDA:474,51,0,0
BRDA:474,51,1,0
BRDA:491,52,0,0
BRDA:491,52,1,0
BRDA:494,53,0,0
BRDA:494,53,1,0
BRDA:494,54,0,0
BRDA:494,54,1,0
BRDA:503,55,0,0
BRDA:503,55,1,0
BRDA:503,56,0,0
BRDA:503,56,1,0
BRDA:503,56,2,0
BRDA:510,57,0,0
BRDA:510,57,1,0
BRDA:524,58,0,0
BRDA:524,58,1,0
BRDA:576,59,0,0
BRDA:576,59,1,0
BRDA:579,60,0,0
BRDA:579,60,1,0
BRDA:580,61,0,0
BRDA:580,61,1,0
BRDA:583,62,0,0
BRDA:583,62,1,0
BRDA:593,63,0,0
BRDA:593,63,1,0
BRDA:601,64,0,0
BRDA:601,64,1,0
BRDA:606,65,0,0
BRDA:606,65,1,0
BRDA:607,66,0,0
BRDA:607,66,1,0
BRDA:631,67,0,0
BRDA:631,67,1,0
BRDA:632,68,0,0
BRDA:632,68,1,0
BRDA:637,69,0,0
BRDA:637,69,1,0
BRDA:670,70,0,0
BRDA:670,70,1,0
BRDA:672,71,0,0
BRDA:672,71,1,0
BRDA:673,72,0,0
BRDA:673,72,1,0
BRDA:674,73,0,0
BRDA:674,73,1,0
BRDA:677,74,0,0
BRDA:677,74,1,0
BRDA:688,75,0,0
BRDA:688,75,1,0
BRDA:694,76,0,0
BRDA:694,76,1,0
BRDA:699,77,0,0
BRDA:699,77,1,0
BRDA:727,78,0,0
BRDA:727,78,1,0
BRDA:731,79,0,0
BRDA:731,79,1,0
BRDA:731,80,0,0
BRDA:731,80,1,0
BRF:166
BRH:0
end_of_record
TN:
SF:src/adapters/NodeClaudeService.mjs
FN:19,(anonymous_0)
FN:44,(anonymous_1)
FN:58,(anonymous_2)
FN:82,(anonymous_3)
FN:96,(anonymous_4)
FN:152,(anonymous_5)
FN:164,(anonymous_6)
FN:352,(anonymous_7)
FN:430,(anonymous_8)
FN:456,(anonymous_9)
FN:485,(anonymous_10)
FN:486,(anonymous_11)
FN:544,(anonymous_12)
FN:592,(anonymous_13)
FN:593,(anonymous_14)
FN:689,(anonymous_15)
FN:722,(anonymous_16)
FN:776,(anonymous_17)
FN:777,(anonymous_18)
FN:791,(anonymous_19)
FN:851,(anonymous_20)
FN:860,(anonymous_21)
FN:917,(anonymous_22)
FN:965,(anonymous_23)
FN:978,(anonymous_24)
FNF:25
FNH:0
FNDA:0,(anonymous_0)
FNDA:0,(anonymous_1)
FNDA:0,(anonymous_2)
FNDA:0,(anonymous_3)
FNDA:0,(anonymous_4)
FNDA:0,(anonymous_5)
FNDA:0,(anonymous_6)
FNDA:0,(anonymous_7)
FNDA:0,(anonymous_8)
FNDA:0,(anonymous_9)
FNDA:0,(anonymous_10)
FNDA:0,(anonymous_11)
FNDA:0,(anonymous_12)
FNDA:0,(anonymous_13)
FNDA:0,(anonymous_14)
FNDA:0,(anonymous_15)
FNDA:0,(anonymous_16)
FNDA:0,(anonymous_17)
FNDA:0,(anonymous_18)
FNDA:0,(anonymous_19)
FNDA:0,(anonymous_20)
FNDA:0,(anonymous_21)
FNDA:0,(anonymous_22)
FNDA:0,(anonymous_23)
FNDA:0,(anonymous_24)
DA:27,0
DA:28,0
DA:29,0
DA:30,0
DA:31,0
DA:32,0
DA:33,0
DA:34,0
DA:37,0
DA:45,0
DA:46,0
DA:47,0
DA:49,0
DA:59,0
DA:60,0
DA:61,0
DA:64,0
DA:65,0
DA:68,0
DA:69,0
DA:70,0
DA:72,0
DA:73,0
DA:83,0
DA:98,0
DA:99,0
DA:100,0
DA:103,0
DA:104,0
DA:105,0
DA:108,0
DA:111,0
DA:112,0
DA:113,0
DA:117,0
DA:118,0
DA:124,0
DA:128,0
DA:129,0
DA:132,0
DA:133,0
DA:134,0
DA:137,0
DA:138,0
DA:140,0
DA:154,0
DA:155,0
DA:156,0
DA:157,0
DA:158,0
DA:160,0
DA:164,0
DA:165,0
DA:166,0
DA:169,0
DA:170,0
DA:171,0
DA:173,0
DA:174,0
DA:177,0
DA:178,0
DA:180,0
DA:187,0
DA:188,0
DA:189,0
DA:191,0
DA:192,0
DA:193,0
DA:194,0
DA:197,0
DA:198,0
DA:202,0
DA:203,0
DA:206,0
DA:209,0
DA:214,0
DA:215,0
DA:216,0
DA:219,0
DA:223,0
DA:224,0
DA:225,0
DA:228,0
DA:230,0
DA:231,0
DA:234,0
DA:235,0
DA:236,0
DA:238,0
DA:239,0
DA:245,0
DA:247,0
DA:249,0
DA:250,0
DA:253,0
DA:255,0
DA:259,0
DA:261,0
DA:271,0
DA:297,0
DA:298,0
DA:301,0
DA:304,0
DA:309,0
DA:310,0
DA:311,0
DA:314,0
DA:315,0
DA:316,0
DA:319,0
DA:320,0
DA:327,0
DA:329,0
DA:338,0
DA:341,0
DA:348,0
DA:352,0
DA:353,0
DA:355,0
DA:356,0
DA:359,0
DA:361,0
DA:362,0
DA:364,0
DA:365,0
DA:367,0
DA:368,0
DA:370,0
DA:377,0
DA:391,0
DA:392,0
DA:395,0
DA:397,0
DA:398,0
DA:402,0
DA:403,0
DA:408,0
DA:411,0
DA:417,0
DA:420,0
DA:426,0
DA:430,0
DA:431,0
DA:432,0
DA:434,0
DA:437,0
DA:438,0
DA:439,0
DA:442,0
DA:443,0
DA:446,0
DA:449,0
DA:450,0
DA:456,0
DA:457,0
DA:462,0
DA:464,0
DA:465,0
DA:468,0
DA:470,0
DA:476,0
DA:486,0
DA:487,0
DA:488,0
DA:491,0
DA:492,0
DA:493,0
DA:494,0
DA:496,0
DA:498,0
DA:499,0
DA:500,0
DA:506,0
DA:509,0
DA:511,0
DA:514,0
DA:517,0
DA:518,0
DA:519,0
DA:520,0
DA:521,0
DA:522,0
DA:524,0
DA:525,0
DA:529,0
DA:530,0
DA:533,0
DA:535,0
DA:537,0
DA:544,0
DA:545,0
DA:546,0
DA:549,0
DA:553,0
DA:554,0
DA:555,0
DA:556,0
DA:560,0
DA:563,0
DA:564,0
DA:568,0
DA:571,0
DA:578,0
DA:580,0
DA:584,0
DA:593,0
DA:594,0
DA:595,0
DA:598,0
DA:599,0
DA:600,0
DA:601,0
DA:603,0
DA:604,0
DA:605,0
DA:608,0
DA:610,0
DA:618,0
DA:621,0
DA:623,0
DA:626,0
DA:627,0
DA:628,0
DA:629,0
DA:630,0
DA:632,0
DA:636,0
DA:639,0
DA:641,0
DA:642,0
DA:643,0
DA:645,0
DA:646,0
DA:649,0
DA:650,0
DA:655,0
DA:658,0
DA:662,0
DA:664,0
DA:665,0
DA:670,0
DA:673,0
DA:674,0
DA:682,0
DA:689,0
DA:690,0
DA:691,0
DA:694,0
DA:699,0
DA:700,0
DA:702,0
DA:703,0
DA:704,0
DA:709,0
DA:714,0
DA:717,0
DA:718,0
DA:722,0
DA:723,0
DA:726,0
DA:727,0
DA:731,0
DA:732,0
DA:733,0
DA:736,0
DA:737,0
DA:741,0
DA:746,0
DA:747,0
DA:755,0
DA:762,0
DA:764,0
DA:768,0
DA:777,0
DA:778,0
DA:779,0
DA:780,0
DA:782,0
DA:783,0
DA:787,0
DA:790,0
DA:791,0
DA:794,0
DA:797,0
DA:798,0
DA:803,0
DA:809,0
DA:814,0
DA:817,0
DA:819,0
DA:820,0
DA:822,0
DA:825,0
DA:829,0
DA:830,0
DA:833,0
DA:836,0
DA:839,0
DA:843,0
DA:845,0
DA:851,0
DA:852,0
DA:853,0
DA:856,0
DA:860,0
DA:861,0
DA:864,0
DA:865,0
DA:869,0
DA:870,0
DA:871,0
DA:874,0
DA:875,0
DA:879,0
DA:884,0
DA:885,0
DA:892,0
DA:897,0
DA:902,0
DA:904,0
DA:905,0
DA:955,0
DA:967,0
DA:968,0
DA:972,0
DA:979,0
DA:981,0
DA:982,0
DA:983,0
DA:985,0
DA:988,0
DA:989,0
DA:990,0
DA:991,0
DA:992,0
DA:996,0
DA:999,0
DA:1000,0
DA:1001,0
DA:1005,0
DA:1007,0
DA:1008,0
DA:1010,0
DA:1013,0
DA:1015,0
DA:1016,0
LF:346
LH:0
BRDA:23,0,0,0
BRDA:24,1,0,0
BRDA:25,2,0,0
BRDA:60,3,0,0
BRDA:60,3,1,0
BRDA:64,4,0,0
BRDA:64,4,1,0
BRDA:83,5,0,0
BRDA:83,5,1,0
BRDA:96,6,0,0
BRDA:96,7,0,0
BRDA:98,8,0,0
BRDA:98,8,1,0
BRDA:111,9,0,0
BRDA:111,9,1,0
BRDA:117,10,0,0
BRDA:117,10,1,0
BRDA:128,11,0,0
BRDA:128,11,1,0
BRDA:152,12,0,0
BRDA:171,13,0,0
BRDA:171,13,1,0
BRDA:187,14,0,0
BRDA:187,14,1,0
BRDA:187,15,0,0
BRDA:187,15,1,0
BRDA:191,16,0,0
BRDA:191,16,1,0
BRDA:191,17,0,0
BRDA:191,17,1,0
BRDA:193,18,0,0
BRDA:193,18,1,0
BRDA:197,19,0,0
BRDA:197,19,1,0
BRDA:202,20,0,0
BRDA:202,20,1,0
BRDA:207,21,0,0
BRDA:207,21,1,0
BRDA:214,22,0,0
BRDA:214,22,1,0
BRDA:214,23,0,0
BRDA:214,23,1,0
BRDA:228,24,0,0
BRDA:228,24,1,0
BRDA:230,25,0,0
BRDA:230,25,1,0
BRDA:234,26,0,0
BRDA:234,26,1,0
BRDA:245,27,0,0
BRDA:245,27,1,0
BRDA:247,28,0,0
BRDA:247,28,1,0
BRDA:247,29,0,0
BRDA:247,29,1,0
BRDA:249,30,0,0
BRDA:249,30,1,0
BRDA:249,31,0,0
BRDA:249,31,1,0
BRDA:271,32,0,0
BRDA:271,32,1,0
BRDA:271,32,2,0
BRDA:271,32,3,0
BRDA:271,32,4,0
BRDA:271,32,5,0
BRDA:271,32,6,0
BRDA:271,32,7,0
BRDA:271,32,8,0
BRDA:271,32,9,0
BRDA:271,32,10,0
BRDA:271,32,11,0
BRDA:271,32,12,0
BRDA:271,32,13,0
BRDA:271,32,14,0
BRDA:271,32,15,0
BRDA:271,32,16,0
BRDA:271,32,17,0
BRDA:271,32,18,0
BRDA:271,32,19,0
BRDA:271,32,20,0
BRDA:297,33,0,0
BRDA:297,33,1,0
BRDA:302,34,0,0
BRDA:302,34,1,0
BRDA:309,35,0,0
BRDA:309,35,1,0
BRDA:309,36,0,0
BRDA:309,36,1,0
BRDA:315,37,0,0
BRDA:315,37,1,0
BRDA:319,38,0,0
BRDA:319,38,1,0
BRDA:327,39,0,0
BRDA:327,39,1,0
BRDA:327,40,0,0
BRDA:327,40,1,0
BRDA:327,40,2,0
BRDA:355,41,0,0
BRDA:355,41,1,0
BRDA:362,42,0,0
BRDA:362,42,1,0
BRDA:377,43,0,0
BRDA:377,43,1,0
BRDA:377,43,2,0
BRDA:377,43,3,0
BRDA:377,43,4,0
BRDA:377,43,5,0
BRDA:377,43,6,0
BRDA:377,43,7,0
BRDA:377,43,8,0
BRDA:377,43,9,0
BRDA:377,43,10,0
BRDA:377,43,11,0
BRDA:391,44,0,0
BRDA:391,44,1,0
BRDA:391,45,0,0
BRDA:391,45,1,0
BRDA:397,46,0,0
BRDA:397,46,1,0
BRDA:402,47,0,0
BRDA:402,47,1,0
BRDA:402,48,0,0
BRDA:402,48,1,0
BRDA:402,48,2,0
BRDA:442,49,0,0
BRDA:442,49,1,0
BRDA:442,50,0,0
BRDA:442,50,1,0
BRDA:449,51,0,0
BRDA:449,51,1,0
BRDA:464,52,0,0
BRDA:464,52,1,0
BRDA:492,53,0,0
BRDA:492,53,1,0
BRDA:494,54,0,0
BRDA:494,54,1,0
BRDA:499,55,0,0
BRDA:499,55,1,0
BRDA:517,56,0,0
BRDA:517,56,1,0
BRDA:520,57,0,0
BRDA:520,57,1,0
BRDA:599,58,0,0
BRDA:599,58,1,0
BRDA:603,59,0,0
BRDA:603,59,1,0
BRDA:608,60,0,0
BRDA:608,60,1,0
BRDA:627,61,0,0
BRDA:627,61,1,0
BRDA:630,62,0,0
BRDA:630,62,1,0
BRDA:639,63,0,0
BRDA:639,63,1,0
BRDA:643,64,0,0
BRDA:643,64,1,0
BRDA:655,65,0,0
BRDA:655,65,1,0
BRDA:662,66,0,0
BRDA:662,66,1,0
BRDA:700,67,0,0
BRDA:700,67,1,0
BRDA:726,68,0,0
BRDA:726,68,1,0
BRDA:726,69,0,0
BRDA:726,69,1,0
BRDA:736,70,0,0
BRDA:736,70,1,0
BRDA:736,71,0,0
BRDA:736,71,1,0
BRDA:782,72,0,0
BRDA:782,72,1,0
BRDA:782,73,0,0
BRDA:782,73,1,0
BRDA:817,74,0,0
BRDA:817,74,1,0
BRDA:820,75,0,0
BRDA:820,75,1,0
BRDA:864,76,0,0
BRDA:864,76,1,0
BRDA:864,77,0,0
BRDA:864,77,1,0
BRDA:874,78,0,0
BRDA:874,78,1,0
BRDA:874,79,0,0
BRDA:874,79,1,0
BRDA:967,80,0,0
BRDA:967,80,1,0
BRDA:978,81,0,0
BRDA:978,82,0,0
BRDA:983,83,0,0
BRDA:983,83,1,0
BRDA:988,84,0,0
BRDA:988,84,1,0
BRDA:999,85,0,0
BRDA:999,85,1,0
BRDA:999,86,0,0
BRDA:999,86,1,0
BRDA:1007,87,0,0
BRDA:1007,87,1,0
BRF:199
BRH:0
end_of_record
TN:
SF:src/adapters/index.mjs
FNF:0
FNH:0
LF:0
LH:0
BRF:0
BRH:0
end_of_record
TN:
SF:src/config/claude.mjs
FN:42,(anonymous_0)
FN:55,(anonymous_1)
FN:68,(anonymous_2)
FNF:3
FNH:0
FNDA:0,(anonymous_0)
FNDA:0,(anonymous_1)
FNDA:0,(anonymous_2)
DA:44,0
DA:45,0
DA:46,0
DA:47,0
DA:49,0
DA:56,0
DA:69,0
LF:7
LH:0
BRDA:45,0,0,0
BRDA:45,0,1,0
BRDA:45,1,0,0
BRDA:45,1,1,0
BRDA:55,2,0,0
BRDA:68,3,0,0
BRF:6
BRH:0
end_of_record
TN:
SF:src/config/env.mjs
FN:23,(anonymous_0)
FN:46,(anonymous_1)
FNF:2
FNH:1
FNDA:15,(anonymous_0)
FNDA:0,(anonymous_1)
DA:23,15
DA:48,0
DA:57,0
DA:62,0
DA:65,0
DA:66,0
DA:67,0
DA:72,0
DA:73,0
DA:75,0
DA:76,0
DA:79,0
DA:80,0
DA:81,0
DA:82,0
DA:87,0
DA:88,0
DA:89,0
DA:93,0
DA:94,0
DA:99,0
DA:100,0
DA:103,0
LF:23
LH:1
BRDA:22,0,0,1
BRDA:22,0,1,0
BRDA:26,1,0,1
BRDA:26,1,1,1
BRDA:31,2,0,1
BRDA:31,2,1,1
BRDA:66,3,0,0
BRDA:66,3,1,0
BRDA:75,4,0,0
BRDA:75,4,1,0
BRDA:80,5,0,0
BRDA:80,5,1,0
BRDA:88,6,0,0
BRDA:88,6,1,0
BRDA:93,7,0,0
BRDA:93,7,1,0
BRDA:93,8,0,0
BRDA:93,8,1,0
BRDA:93,8,2,0
BRDA:99,9,0,0
BRDA:99,9,1,0
BRF:21
BRH:5
end_of_record
TN:
SF:src/config/index.mjs
FNF:0
FNH:0
LF:0
LH:0
BRF:0
BRH:0
end_of_record
TN:
SF:src/core/Issue.mjs
FN:5,(anonymous_0)
FN:32,(anonymous_1)
FN:48,(anonymous_2)
FN:54,(anonymous_3)
FN:68,(anonymous_4)
FN:82,(anonymous_5)
FNF:6
FNH:6
FNDA:11,(anonymous_0)
FNDA:2,(anonymous_1)
FNDA:3,(anonymous_2)
FNDA:2,(anonymous_3)
FNDA:14,(anonymous_4)
FNDA:1,(anonymous_5)
DA:17,11
DA:18,11
DA:19,11
DA:20,11
DA:21,11
DA:22,11
DA:23,11
DA:24,11
DA:25,11
DA:26,11
DA:33,2
DA:49,3
DA:50,1
DA:53,2
DA:54,2
DA:55,2
DA:56,2
DA:57,2
DA:58,2
DA:60,2
DA:62,2
DA:69,14
DA:83,1
LF:23
LH:23
BRDA:15,0,0,2
BRDA:20,1,0,11
BRDA:20,1,1,1
BRDA:37,2,0,2
BRDA:37,2,1,0
BRDA:38,3,0,2
BRDA:38,3,1,0
BRDA:49,4,0,1
BRDA:49,4,1,2
BRDA:49,5,0,3
BRDA:49,5,1,3
BRDA:49,5,2,3
BRDA:56,6,0,2
BRDA:56,6,1,0
BRDA:69,7,0,14
BRDA:69,7,1,0
BRF:16
BRH:12
end_of_record
TN:
SF:src/core/Session.mjs
FN:5,(anonymous_0)
FN:28,(anonymous_1)
FN:35,(anonymous_2)
FN:42,(anonymous_3)
FN:49,(anonymous_4)
FNF:5
FNH:5
FNDA:15,(anonymous_0)
FNDA:4,(anonymous_1)
FNDA:3,(anonymous_2)
FNDA:3,(anonymous_3)
FNDA:3,(anonymous_4)
DA:15,15
DA:16,15
DA:17,15
DA:18,15
DA:19,15
DA:20,15
DA:21,15
DA:22,15
DA:29,4
DA:36,3
DA:43,3
DA:50,3
DA:52,3
DA:53,2
DA:58,3
LF:15
LH:15
BRDA:8,0,0,10
BRDA:9,1,0,13
BRDA:10,2,0,1
BRDA:11,3,0,13
BRDA:12,4,0,11
BRDA:13,5,0,14
BRDA:18,6,0,14
BRDA:18,6,1,1
BRDA:20,7,0,0
BRDA:20,7,1,15
BRDA:20,8,0,1
BRDA:20,8,1,14
BRDA:29,9,0,4
BRDA:29,9,1,3
BRDA:29,9,2,2
BRDA:43,10,0,3
BRDA:43,10,1,2
BRDA:52,11,0,2
BRDA:52,11,1,1
BRDA:55,12,0,1
BRDA:55,12,1,1
BRF:21
BRH:20
end_of_record
TN:
SF:src/core/Workspace.mjs
FN:7,(anonymous_0)
FN:22,(anonymous_1)
FN:29,(anonymous_2)
FN:36,(anonymous_3)
FN:43,(anonymous_4)
FNF:5
FNH:1
FNDA:4,(anonymous_0)
FNDA:0,(anonymous_1)
FNDA:0,(anonymous_2)
FNDA:0,(anonymous_3)
FNDA:0,(anonymous_4)
DA:13,4
DA:14,4
DA:15,4
DA:16,4
DA:23,0
DA:30,0
DA:37,0
DA:44,0
LF:8
LH:4
BRDA:10,0,0,0
BRDA:11,1,0,0
BRF:2
BRH:0
end_of_record
TN:
SF:src/services/ClaudeService.mjs
FN:11,(anonymous_0)
FN:21,(anonymous_1)
FN:33,(anonymous_2)
FN:43,(anonymous_3)
FNF:4
FNH:0
FNDA:0,(anonymous_0)
FNDA:0,(anonymous_1)
FNDA:0,(anonymous_2)
FNDA:0,(anonymous_3)
DA:12,0
DA:22,0
DA:34,0
DA:44,0
LF:4
LH:0
BRDA:33,0,0,0
BRDA:33,1,0,0
BRDA:43,2,0,0
BRF:3
BRH:0
end_of_record
TN:
SF:src/services/IssueService.mjs
FN:9,(anonymous_0)
FN:18,(anonymous_1)
FN:28,(anonymous_2)
FN:37,(anonymous_3)
FN:46,(anonymous_4)
FN:55,(anonymous_5)
FN:64,(anonymous_6)
FN:73,(anonymous_7)
FN:82,(anonymous_8)
FN:91,(anonymous_9)
FNF:10
FNH:0
FNDA:0,(anonymous_0)
FNDA:0,(anonymous_1)
FNDA:0,(anonymous_2)
FNDA:0,(anonymous_3)
FNDA:0,(anonymous_4)
FNDA:0,(anonymous_5)
FNDA:0,(anonymous_6)
FNDA:0,(anonymous_7)
FNDA:0,(anonymous_8)
FNDA:0,(anonymous_9)
DA:10,0
DA:19,0
DA:29,0
DA:38,0
DA:47,0
DA:56,0
DA:65,0
DA:74,0
DA:83,0
DA:92,0
LF:10
LH:0
BRF:0
BRH:0
end_of_record
TN:
SF:src/services/SessionManager.mjs
FN:5,(anonymous_0)
FN:14,(anonymous_1)
FN:23,(anonymous_2)
FN:32,(anonymous_3)
FN:41,(anonymous_4)
FN:49,(anonymous_5)
FN:59,(anonymous_6)
FNF:7
FNH:0
FNDA:0,(anonymous_0)
FNDA:0,(anonymous_1)
FNDA:0,(anonymous_2)
FNDA:0,(anonymous_3)
FNDA:0,(anonymous_4)
FNDA:0,(anonymous_5)
FNDA:0,(anonymous_6)
DA:6,0
DA:15,0
DA:24,0
DA:33,0
DA:42,0
DA:50,0
DA:60,0
DA:61,0
DA:64,0
DA:65,0
LF:10
LH:0
BRDA:60,0,0,0
BRDA:60,0,1,0
BRF:2
BRH:0
end_of_record
TN:
SF:src/services/WebhookService.mjs
FN:10,(anonymous_0)
FN:19,(anonymous_1)
FN:30,(anonymous_2)
FN:40,(anonymous_3)
FNF:4
FNH:0
FNDA:0,(anonymous_0)
FNDA:0,(anonymous_1)
FNDA:0,(anonymous_2)
FNDA:0,(anonymous_3)
DA:11,0
DA:20,0
DA:31,0
DA:41,0
LF:4
LH:0
BRF:0
BRH:0
end_of_record
TN:
SF:src/services/WorkspaceService.mjs
FN:9,(anonymous_0)
FN:18,(anonymous_1)
FN:27,(anonymous_2)
FN:36,(anonymous_3)
FN:44,(anonymous_4)
FNF:5
FNH:0
FNDA:0,(anonymous_0)
FNDA:0,(anonymous_1)
FNDA:0,(anonymous_2)
FNDA:0,(anonymous_3)
FNDA:0,(anonymous_4)
DA:10,0
DA:19,0
DA:28,0
DA:37,0
DA:45,0
LF:5
LH:0
BRF:0
BRH:0
end_of_record
TN:
SF:src/services/index.mjs
FNF:0
FNH:0
LF:0
LH:0
BRF:0
BRH:0
end_of_record
TN:
SF:src/utils/FileSystem.mjs
FN:14,(anonymous_0)
FN:23,(anonymous_1)
FN:33,(anonymous_2)
FN:43,(anonymous_3)
FN:53,(anonymous_4)
FN:62,(anonymous_5)
FN:71,(anonymous_6)
FN:80,(anonymous_7)
FN:89,(anonymous_8)
FN:98,(anonymous_9)
FN:107,(anonymous_10)
FN:115,(anonymous_11)
FN:123,(anonymous_12)
FN:132,(anonymous_13)
FN:141,(anonymous_14)
FNF:15
FNH:15
FNDA:1,(anonymous_0)
FNDA:1,(anonymous_1)
FNDA:1,(anonymous_2)
FNDA:1,(anonymous_3)
FNDA:1,(anonymous_4)
FNDA:1,(anonymous_5)
FNDA:1,(anonymous_6)
FNDA:1,(anonymous_7)
FNDA:1,(anonymous_8)
FNDA:1,(anonymous_9)
FNDA:1,(anonymous_10)
FNDA:1,(anonymous_11)
FNDA:1,(anonymous_12)
FNDA:1,(anonymous_13)
FNDA:1,(anonymous_14)
DA:15,1
DA:24,1
DA:34,1
DA:44,1
DA:54,1
DA:63,1
DA:72,1
DA:81,1
DA:90,1
DA:99,1
DA:108,1
DA:116,1
DA:124,1
DA:133,1
DA:142,1
LF:15
LH:15
BRDA:33,0,0,0
BRF:1
BRH:0
end_of_record
TN:
SF:src/utils/HttpServer.mjs
FN:11,(anonymous_0)
FN:19,(anonymous_1)
FN:21,(anonymous_2)
FN:28,(anonymous_3)
FN:34,(anonymous_4)
FN:63,(anonymous_5)
FN:78,(anonymous_6)
FN:99,(anonymous_7)
FN:100,(anonymous_8)
FN:105,(anonymous_9)
FN:110,(anonymous_10)
FN:121,(anonymous_11)
FN:122,(anonymous_12)
FN:128,(anonymous_13)
FNF:14
FNH:8
FNDA:1,(anonymous_0)
FNDA:1,(anonymous_1)
FNDA:0,(anonymous_2)
FNDA:0,(anonymous_3)
FNDA:0,(anonymous_4)
FNDA:0,(anonymous_5)
FNDA:0,(anonymous_6)
FNDA:1,(anonymous_7)
FNDA:1,(anonymous_8)
FNDA:1,(anonymous_9)
FNDA:0,(anonymous_10)
FNDA:2,(anonymous_11)
FNDA:2,(anonymous_12)
FNDA:1,(anonymous_13)
DA:12,1
DA:21,1
DA:22,0
DA:23,0
DA:26,0
DA:28,0
DA:29,0
DA:30,0
DA:34,0
DA:35,0
DA:37,0
DA:39,0
DA:45,0
DA:46,0
DA:47,0
DA:49,0
DA:51,0
DA:55,0
DA:58,0
DA:63,1
DA:64,0
DA:65,0
DA:67,0
DA:68,0
DA:70,0
DA:75,1
DA:81,0
DA:82,0
DA:83,0
DA:100,1
DA:102,1
DA:105,1
DA:106,1
DA:110,1
DA:111,0
DA:122,2
DA:123,2
DA:124,1
DA:125,1
DA:128,1
DA:129,1
LF:41
LH:15
BRDA:26,0,0,0
BRDA:26,0,1,0
BRDA:45,1,0,0
BRDA:45,1,1,0
BRDA:64,2,0,0
BRDA:64,2,1,0
BRDA:67,3,0,0
BRDA:67,3,1,0
BRDA:81,4,0,0
BRDA:81,4,1,0
BRDA:123,5,0,1
BRDA:123,5,1,1
BRF:12
BRH:2
end_of_record
TN:
SF:src/utils/ImageDownloader.mjs
FN:13,(anonymous_0)
FN:24,(anonymous_1)
FN:41,(anonymous_2)
FN:99,(anonymous_3)
FN:167,(anonymous_4)
FN:185,(anonymous_5)
FNF:6
FNH:4
FNDA:9,(anonymous_0)
FNDA:9,(anonymous_1)
FNDA:0,(anonymous_2)
FNDA:0,(anonymous_3)
FNDA:3,(anonymous_4)
FNDA:4,(anonymous_5)
DA:14,9
DA:15,9
DA:16,9
DA:25,9
DA:28,6
DA:29,6
DA:32,6
DA:42,0
DA:43,0
DA:46,0
DA:49,0
DA:50,0
DA:51,0
DA:52,0
DA:53,0
DA:55,0
DA:56,0
DA:57,0
DA:59,0
DA:60,0
DA:62,0
DA:65,0
DA:71,0
DA:72,0
DA:75,0
DA:78,0
DA:79,0
DA:82,0
DA:84,0
DA:85,0
DA:87,0
DA:88,0
DA:100,0
DA:101,0
DA:102,0
DA:105,0
DA:108,0
DA:111,0
DA:112,0
DA:113,0
DA:114,0
DA:115,0
DA:120,0
DA:122,0
DA:124,0
DA:125,0
DA:129,0
DA:130,0
DA:131,0
DA:132,0
DA:136,0
DA:137,0
DA:138,0
DA:140,0
DA:142,0
DA:143,0
DA:144,0
DA:148,0
DA:149,0
DA:151,0
DA:154,0
DA:168,3
DA:170,3
DA:172,3
DA:173,1
DA:174,1
DA:177,2
DA:178,2
DA:179,1
DA:181,2
DA:183,2
DA:185,2
DA:186,4
DA:187,4
DA:188,4
DA:191,2
DA:193,2
LF:77
LH:23
BRDA:13,0,0,0
BRDA:25,1,0,3
BRDA:25,1,1,6
BRDA:29,2,0,6
BRDA:29,2,1,1
BRDA:49,3,0,0
BRDA:49,3,1,0
BRDA:49,4,0,0
BRDA:49,4,1,0
BRDA:53,5,0,0
BRDA:53,5,1,0
BRDA:57,6,0,0
BRDA:57,6,1,0
BRDA:71,7,0,0
BRDA:71,7,1,0
BRDA:72,8,0,0
BRDA:72,8,1,0
BRDA:72,9,0,0
BRDA:72,9,1,0
BRDA:99,10,0,0
BRDA:112,11,0,0
BRDA:112,11,1,0
BRDA:112,12,0,0
BRDA:112,12,1,0
BRDA:124,13,0,0
BRDA:124,13,1,0
BRDA:130,14,0,0
BRDA:130,14,1,0
BRDA:137,15,0,0
BRDA:137,15,1,0
BRDA:142,16,0,0
BRDA:142,16,1,0
BRDA:148,17,0,0
BRDA:148,17,1,0
BRDA:172,18,0,1
BRDA:172,18,1,2
BRDA:178,19,0,1
BRDA:178,19,1,1
BRF:38
BRH:8
end_of_record
TN:
SF:src/utils/OAuthHelper.mjs
FN:30,(anonymous_0)
FN:42,(anonymous_1)
FN:69,(anonymous_2)
FN:95,(anonymous_3)
FN:150,(anonymous_4)
FN:232,(anonymous_5)
FN:272,(anonymous_6)
FN:310,(anonymous_7)
FN:361,(anonymous_8)
FN:379,(anonymous_9)
FN:401,(anonymous_10)
FN:421,(anonymous_11)
FN:457,(anonymous_12)
FNF:13
FNH:0
FNDA:0,(anonymous_0)
FNDA:0,(anonymous_1)
FNDA:0,(anonymous_2)
FNDA:0,(anonymous_3)
FNDA:0,(anonymous_4)
FNDA:0,(anonymous_5)
FNDA:0,(anonymous_6)
FNDA:0,(anonymous_7)
FNDA:0,(anonymous_8)
FNDA:0,(anonymous_9)
FNDA:0,(anonymous_10)
FNDA:0,(anonymous_11)
FNDA:0,(anonymous_12)
DA:5,3
DA:6,3
DA:7,3
DA:8,0
DA:9,0
DA:10,0
DA:13,0
DA:17,3
DA:31,0
DA:32,0
DA:33,0
DA:34,0
DA:35,0
DA:44,0
DA:47,0
DA:50,0
DA:59,0
DA:60,0
DA:70,0
DA:73,0
DA:74,0
DA:75,0
DA:76,0
DA:80,0
DA:83,0
DA:85,0
DA:86,0
DA:96,0
DA:99,0
DA:102,0
DA:103,0
DA:104,0
DA:105,0
DA:106,0
DA:107,0
DA:109,0
DA:117,0
DA:118,0
DA:119,0
DA:120,0
DA:123,0
DA:124,0
DA:126,0
DA:128,0
DA:131,0
DA:132,0
DA:133,0
DA:142,0
DA:151,0
DA:154,0
DA:156,0
DA:157,0
DA:160,0
DA:161,0
DA:162,0
DA:164,0
DA:165,0
DA:166,0
DA:170,0
DA:173,0
DA:176,0
DA:177,0
DA:178,0
DA:179,0
DA:180,0
DA:182,0
DA:190,0
DA:191,0
DA:192,0
DA:193,0
DA:196,0
DA:197,0
DA:200,0
DA:202,0
DA:203,0
DA:205,0
DA:208,0
DA:209,0
DA:210,0
DA:219,0
DA:221,0
DA:224,0
DA:233,0
DA:234,0
DA:236,0
DA:237,0
DA:241,0
DA:242,0
DA:243,0
DA:245,0
DA:246,0
DA:247,0
DA:248,0
DA:249,0
DA:252,0
DA:253,0
DA:254,0
DA:256,0
DA:260,0
DA:261,0
DA:263,0
DA:264,0
DA:273,0
DA:274,0
DA:276,0
DA:277,0
DA:278,0
DA:282,0
DA:283,0
DA:285,0
DA:286,0
DA:287,0
DA:290,0
DA:291,0
DA:292,0
DA:296,0
DA:297,0
DA:299,0
DA:301,0
DA:302,0
DA:311,0
DA:312,0
DA:314,0
DA:315,0
DA:320,0
DA:321,0
DA:323,0
DA:325,0
DA:336,0
DA:339,0
DA:340,0
DA:341,0
DA:344,0
DA:345,0
DA:346,0
DA:349,0
DA:351,0
DA:352,0
DA:362,0
DA:363,0
DA:368,0
DA:380,0
DA:382,0
DA:383,0
DA:384,0
DA:387,0
DA:390,0
DA:393,0
DA:402,0
DA:405,0
DA:410,0
DA:422,0
DA:424,0
DA:425,0
DA:426,0
DA:428,0
DA:429,0
DA:433,0
DA:434,0
DA:435,0
DA:436,0
DA:439,0
DA:441,0
DA:442,0
DA:443,0
DA:447,0
DA:450,0
DA:458,0
DA:459,0
DA:461,0
DA:463,0
DA:464,0
DA:465,0
DA:469,0
DA:470,0
DA:471,0
DA:474,0
LF:177
LH:4
BRDA:7,0,0,0
BRDA:7,0,1,3
BRDA:30,1,0,0
BRDA:74,2,0,0
BRDA:74,2,1,0
BRDA:117,3,0,0
BRDA:117,3,1,0
BRDA:131,4,0,0
BRDA:131,4,1,0
BRDA:156,5,0,0
BRDA:156,5,1,0
BRDA:156,6,0,0
BRDA:156,6,1,0
BRDA:160,7,0,0
BRDA:160,7,1,0
BRDA:160,8,0,0
BRDA:160,8,1,0
BRDA:160,8,2,0
BRDA:164,9,0,0
BRDA:164,9,1,0
BRDA:190,10,0,0
BRDA:190,10,1,0
BRDA:208,11,0,0
BRDA:208,11,1,0
BRDA:236,12,0,0
BRDA:236,12,1,0
BRDA:236,13,0,0
BRDA:236,13,1,0
BRDA:245,14,0,0
BRDA:245,14,1,0
BRDA:252,15,0,0
BRDA:252,15,1,0
BRDA:276,16,0,0
BRDA:276,16,1,0
BRDA:276,17,0,0
BRDA:276,17,1,0
BRDA:285,18,0,0
BRDA:285,18,1,0
BRDA:290,19,0,0
BRDA:290,19,1,0
BRDA:290,20,0,0
BRDA:290,20,1,0
BRDA:314,21,0,0
BRDA:314,21,1,0
BRDA:314,22,0,0
BRDA:314,22,1,0
BRDA:320,23,0,0
BRDA:320,23,1,0
BRDA:339,24,0,0
BRDA:339,24,1,0
BRDA:339,25,0,0
BRDA:339,25,1,0
BRDA:345,26,0,0
BRDA:345,26,1,0
BRDA:383,27,0,0
BRDA:383,27,1,0
BRDA:425,28,0,0
BRDA:425,28,1,0
BRDA:433,29,0,0
BRDA:433,29,1,0
BRDA:433,30,0,0
BRDA:433,30,1,0
BRDA:463,31,0,0
BRDA:463,31,1,0
BRDA:469,32,0,0
BRDA:469,32,1,0
BRF:66
BRH:1
end_of_record
TN:
SF:src/utils/ProcessManager.mjs
FN:13,(anonymous_0)
FN:29,(anonymous_1)
FN:30,(anonymous_2)
FN:39,(anonymous_3)
FNF:4
FNH:2
FNDA:0,(anonymous_0)
FNDA:1,(anonymous_1)
FNDA:1,(anonymous_2)
FNDA:0,(anonymous_3)
DA:15,0
DA:16,0
DA:17,0
DA:21,0
DA:30,1
DA:45,0
DA:47,0
DA:48,0
DA:51,0
DA:52,0
DA:55,0
DA:56,0
DA:59,0
DA:60,0
DA:63,0
LF:15
LH:1
BRDA:13,0,0,0
BRDA:15,1,0,0
BRDA:15,1,1,0
BRDA:39,2,0,0
BRDA:47,3,0,0
BRDA:47,3,1,0
BRDA:47,4,0,0
BRDA:47,4,1,0
BRDA:51,5,0,0
BRDA:51,5,1,0
BRDA:51,6,0,0
BRDA:51,6,1,0
BRDA:55,7,0,0
BRDA:55,7,1,0
BRDA:59,8,0,0
BRDA:59,8,1,0
BRF:16
BRH:0
end_of_record
TN:
SF:src/utils/index.mjs
FNF:0
FNH:0
LF:0
LH:0
BRF:0
BRH:0
end_of_record
TN:
SF:src/utils/schemas.mjs
FN:7,(anonymous_0)
FNF:1
FNH:1
FNDA:33,(anonymous_0)
DA:7,33
DA:15,3
DA:21,3
DA:28,3
DA:37,3
DA:49,3
DA:64,3
DA:74,3
DA:82,3
DA:92,3
DA:102,3
DA:108,3
DA:116,3
DA:124,3
DA:139,3
DA:152,3
DA:164,3
DA:182,3
DA:226,3
DA:232,3
LF:20
LH:20
BRF:0
BRH:0
end_of_record
