TN:
SF:src/core/Issue.mjs
FN:5,(anonymous_0)
FN:32,(anonymous_1)
FN:48,(anonymous_2)
FN:54,(anonymous_3)
FN:68,(anonymous_4)
FN:82,(anonymous_5)
FNF:6
FNH:1
FNDA:3,(anonymous_0)
FNDA:0,(anonymous_1)
FNDA:0,(anonymous_2)
FNDA:0,(anonymous_3)
FNDA:0,(anonymous_4)
FNDA:0,(anonymous_5)
DA:17,3
DA:18,3
DA:19,3
DA:20,3
DA:21,3
DA:22,3
DA:23,3
DA:24,3
DA:25,3
DA:26,3
DA:33,0
DA:49,0
DA:50,0
DA:53,0
DA:54,0
DA:55,0
DA:56,0
DA:57,0
DA:58,0
DA:60,0
DA:62,0
DA:69,0
DA:83,0
LF:23
LH:10
BRDA:15,0,0,0
BRDA:20,1,0,3
BRDA:20,1,1,0
BRDA:37,2,0,0
BRDA:37,2,1,0
BRDA:38,3,0,0
BRDA:38,3,1,0
BRDA:49,4,0,0
BRDA:49,4,1,0
BRDA:49,5,0,0
BRDA:49,5,1,0
BRDA:49,5,2,0
BRDA:56,6,0,0
BRDA:56,6,1,0
BRDA:69,7,0,0
BRDA:69,7,1,0
BRF:16
BRH:1
end_of_record
TN:
SF:src/utils/ImageDownloader.mjs
FN:13,(anonymous_0)
FN:24,(anonymous_1)
FN:41,(anonymous_2)
FN:99,(anonymous_3)
FN:167,(anonymous_4)
FN:185,(anonymous_5)
FNF:6
FNH:6
FNDA:14,(anonymous_0)
FNDA:10,(anonymous_1)
FNDA:21,(anonymous_2)
FNDA:3,(anonymous_3)
FNDA:3,(anonymous_4)
FNDA:4,(anonymous_5)
DA:14,14
DA:15,14
DA:16,14
DA:25,10
DA:28,7
DA:29,7
DA:32,7
DA:42,21
DA:43,21
DA:46,21
DA:49,21
DA:50,20
DA:51,20
DA:52,20
DA:53,1
DA:55,1
DA:56,1
DA:57,0
DA:59,0
DA:60,0
DA:62,0
DA:65,21
DA:71,21
DA:72,21
DA:75,0
DA:78,0
DA:79,0
DA:82,0
DA:84,0
DA:85,0
DA:87,21
DA:88,21
DA:100,3
DA:101,3
DA:102,3
DA:105,3
DA:108,3
DA:111,3
DA:112,3
DA:113,3
DA:114,1
DA:115,1
DA:120,3
DA:122,3
DA:124,3
DA:125,1
DA:129,3
DA:130,17
DA:131,0
DA:132,0
DA:136,17
DA:137,17
DA:138,17
DA:140,17
DA:142,17
DA:143,0
DA:144,0
DA:148,3
DA:149,0
DA:151,3
DA:154,3
DA:168,3
DA:170,3
DA:172,3
DA:173,1
DA:174,1
DA:177,2
DA:178,2
DA:179,1
DA:181,2
DA:183,2
DA:185,2
DA:186,4
DA:187,4
DA:188,4
DA:191,2
DA:193,2
LF:77
LH:62
BRDA:13,0,0,0
BRDA:25,1,0,3
BRDA:25,1,1,7
BRDA:29,2,0,7
BRDA:29,2,1,1
BRDA:49,3,0,20
BRDA:49,3,1,1
BRDA:49,4,0,21
BRDA:49,4,1,21
BRDA:53,5,0,1
BRDA:53,5,1,0
BRDA:57,6,0,0
BRDA:57,6,1,0
BRDA:71,7,0,21
BRDA:71,7,1,0
BRDA:99,8,0,2
BRDA:112,9,0,3
BRDA:112,9,1,0
BRDA:112,10,0,3
BRDA:112,10,1,3
BRDA:124,11,0,1
BRDA:124,11,1,2
BRDA:130,12,0,0
BRDA:130,12,1,17
BRDA:137,13,0,17
BRDA:137,13,1,0
BRDA:142,14,0,0
BRDA:142,14,1,17
BRDA:148,15,0,0
BRDA:148,15,1,3
BRDA:172,16,0,1
BRDA:172,16,1,2
BRDA:178,17,0,1
BRDA:178,17,1,1
BRF:34
BRH:24
end_of_record
